#
# There is insufficient memory for the Java Runtime Environment to continue.
# Native memory allocation (mmap) failed to map 58720256 bytes for G1 virtual space
# Possible reasons:
#   The system is out of physical RAM or swap space
#   The process is running with CompressedOops enabled, and the Java Heap may be blocking the growth of the native heap
# Possible solutions:
#   Reduce memory load on the system
#   Increase physical memory or swap space
#   Check if swap backing store is full
#   Decrease Java heap size (-Xmx/-Xms)
#   Decrease number of Java threads
#   Decrease Java thread stack sizes (-Xss)
#   Set larger code cache with -XX:ReservedCodeCacheSize=
#   JVM is running with Unscaled Compressed Oops mode in which the Java heap is
#     placed in the first 4GB address space. The Java Heap base address is the
#     maximum limit for the native heap growth. Please use -XX:HeapBaseMinAddress
#     to set the Java Heap base and to place the Java Heap above 4GB virtual address.
# This output file may be truncated or incomplete.
#
#  Out of Memory Error (os_windows.cpp:3527), pid=28096, tid=42620
#
# JRE version:  (19.0+36) (build )
# Java VM: Java HotSpot(TM) 64-Bit Server VM (19+36-2238, mixed mode, sharing, tiered, compressed oops, compressed class ptrs, g1 gc, windows-amd64)
# No core dump will be written. Minidumps are not enabled by default on client versions of Windows
#

---------------  S U M M A R Y ------------

Command Line: -javaagent:C:\Program Files\JetBrains\IntelliJ IDEA Community Edition 2022.2.3\lib\idea_rt.jar=50305:C:\Program Files\JetBrains\IntelliJ IDEA Community Edition 2022.2.3\bin -Dfile.encoding=UTF-8 -Dsun.stdout.encoding=UTF-8 -Dsun.stderr.encoding=UTF-8 ProjectManagementHotel.Main

Host: AMD Athlon Gold 3150U with Radeon Graphics     , 4 cores, 3G,  Windows 11 , 64 bit Build 22000 (10.0.22000.1335)
Time: Tue Jan 17 12:31:01 2023 SE Asia Standard Time elapsed time: 0.050458 seconds (0d 0h 0m 0s)

---------------  T H R E A D  ---------------

Current thread (0x0000012e9d5cca60):  JavaThread "Unknown thread" [_thread_in_vm, id=42620, stack(0x0000001ce0300000,0x0000001ce0400000)]

Stack: [0x0000001ce0300000,0x0000001ce0400000]
Native frames: (J=compiled Java code, j=interpreted, Vv=VM code, C=native code)
V  [jvm.dll+0x6ee8fa]
V  [jvm.dll+0x857a1e]
V  [jvm.dll+0x85940e]
V  [jvm.dll+0x859ac3]
V  [jvm.dll+0x28291f]
V  [jvm.dll+0x6eb6e9]
V  [jvm.dll+0x6e028a]
V  [jvm.dll+0x357136]
V  [jvm.dll+0x35eb96]
V  [jvm.dll+0x3b555e]
V  [jvm.dll+0x3b578f]
V  [jvm.dll+0x32c6ea]
V  [jvm.dll+0x32d59e]
V  [jvm.dll+0x821b20]
V  [jvm.dll+0x3c27c1]
V  [jvm.dll+0x8022f1]
V  [jvm.dll+0x44b30f]
V  [jvm.dll+0x44cc91]
C  [jli.dll+0x5287]
C  [ucrtbase.dll+0x26c0c]
C  [KERNEL32.DLL+0x155a0]
C  [ntdll.dll+0x485b]


---------------  P R O C E S S  ---------------

Threads class SMR info:
_java_thread_list=0x00007ffb3f1fd048, length=0, elements={
}

Java Threads: ( => current thread )

Other Threads:
  0x0000012e9d60a2a0 WorkerThread "GC Thread#0" [stack: 0x0000001ce0400000,0x0000001ce0500000] [id=48516]
  0x0000012e9d612140 ConcurrentGCThread "G1 Main Marker" [stack: 0x0000001ce0500000,0x0000001ce0600000] [id=44656]
  0x0000012e9d614320 WorkerThread "G1 Conc#0" [stack: 0x0000001ce0600000,0x0000001ce0700000] [id=37364]

[error occurred during error reporting (printing all threads), id 0xc0000005, EXCEPTION_ACCESS_VIOLATION (0xc0000005) at pc=0x00007ffb3e9bd127]

VM state: not at safepoint (not fully initialized)

VM Mutex/Monitor currently owned by a thread:  ([mutex/lock_event])
[0x0000012e9d5c9160] Heap_lock - owner thread: 0x0000012e9d5cca60

Heap address: 0x00000000c9e00000, size: 866 MB, Compressed Oops mode: 32-bit

CDS archive(s) mapped at: [0x0000000000000000-0x0000000000000000-0x0000000000000000), size 0, SharedBaseAddress: 0x0000000800000000, ArchiveRelocationMode: 0.
Narrow klass base: 0x0000000000000000, Narrow klass shift: 0, Narrow klass range: 0x0

GC Precious Log:
 CardTable entry size: 512
 Card Set container configuration: InlinePtr #cards 5 size 8 Array Of Cards #cards 12 size 40 Howl #buckets 4 coarsen threshold 1843 Howl Bitmap #cards 512 size 80 coarsen threshold 460 Card regions per heap region 1 cards per card region 2048

Heap:
 garbage-first heap   total 0K, used 0K [0x00000000c9e00000, 0x0000000100000000)
  region size 1024K, 0 young (0K), 0 survivors (0K)

[error occurred during error reporting (printing heap information), id 0xc0000005, EXCEPTION_ACCESS_VIOLATION (0xc0000005) at pc=0x00007ffb3edc6959]

GC Heap History (0 events):
No events

Dll operation events (1 events):
Event: 0.034 Loaded shared library C:\Program Files\Java\jdk-19\bin\java.dll

Deoptimization events (0 events):
No events

Classes loaded (0 events):
No events

Classes unloaded (0 events):
No events

Classes redefined (0 events):
No events

Internal exceptions (0 events):
No events

VM Operations (0 events):
No events

Events (0 events):
No events


Dynamic libraries:
0x00007ff791660000 - 0x00007ff791670000 	C:\Program Files\Java\jdk-19\bin\java.exe
0x00007ffba7fa0000 - 0x00007ffba81a9000 	C:\WINDOWS\SYSTEM32\ntdll.dll
0x00007ffba6280000 - 0x00007ffba633e000 	C:\WINDOWS\System32\KERNEL32.DLL
0x00007ffba5660000 - 0x00007ffba59db000 	C:\WINDOWS\System32\KERNELBASE.dll
0x00007ffba5540000 - 0x00007ffba5651000 	C:\WINDOWS\System32\ucrtbase.dll
0x00007ffb948f0000 - 0x00007ffb94908000 	C:\Program Files\Java\jdk-19\bin\jli.dll
0x00007ffba76a0000 - 0x00007ffba774e000 	C:\WINDOWS\System32\ADVAPI32.dll
0x00007ffba7eb0000 - 0x00007ffba7f53000 	C:\WINDOWS\System32\msvcrt.dll
0x00007ffba7dc0000 - 0x00007ffba7e5e000 	C:\WINDOWS\System32\sechost.dll
0x00007ffba7b60000 - 0x00007ffba7c80000 	C:\WINDOWS\System32\RPCRT4.dll
0x00007ffba77f0000 - 0x00007ffba799d000 	C:\WINDOWS\System32\USER32.dll
0x00007ffba5510000 - 0x00007ffba5536000 	C:\WINDOWS\System32\win32u.dll
0x00007ffba6ba0000 - 0x00007ffba6bc9000 	C:\WINDOWS\System32\GDI32.dll
0x00007ffba5aa0000 - 0x00007ffba5bb8000 	C:\WINDOWS\System32\gdi32full.dll
0x00007ffba5470000 - 0x00007ffba550d000 	C:\WINDOWS\System32\msvcp_win.dll
0x00007ffb92a00000 - 0x00007ffb92a1b000 	C:\Program Files\Java\jdk-19\bin\VCRUNTIME140.dll
0x00007ffb91d50000 - 0x00007ffb91ff5000 	C:\WINDOWS\WinSxS\amd64_microsoft.windows.common-controls_6595b64144ccf1df_6.0.22000.120_none_9d947278b86cc467\COMCTL32.dll
0x00007ffb9c720000 - 0x00007ffb9c72a000 	C:\WINDOWS\SYSTEM32\VERSION.dll
0x00007ffba7e60000 - 0x00007ffba7e92000 	C:\WINDOWS\System32\IMM32.DLL
0x00007ffb98b80000 - 0x00007ffb98b8c000 	C:\Program Files\Java\jdk-19\bin\vcruntime140_1.dll
0x00007ffb7a910000 - 0x00007ffb7a99e000 	C:\Program Files\Java\jdk-19\bin\msvcp140.dll
0x00007ffb3e680000 - 0x00007ffb3f340000 	C:\Program Files\Java\jdk-19\bin\server\jvm.dll
0x00007ffba0f80000 - 0x00007ffba0f89000 	C:\WINDOWS\SYSTEM32\WSOCK32.dll
0x00007ffba5e20000 - 0x00007ffba5e8f000 	C:\WINDOWS\System32\WS2_32.dll
0x00007ffb9e3e0000 - 0x00007ffb9e413000 	C:\WINDOWS\SYSTEM32\WINMM.dll
0x00007ffba44f0000 - 0x00007ffba4508000 	C:\WINDOWS\SYSTEM32\kernel.appcore.dll
0x00007ffb97f40000 - 0x00007ffb97f4a000 	C:\Program Files\Java\jdk-19\bin\jimage.dll
0x00007ffba31a0000 - 0x00007ffba33c1000 	C:\WINDOWS\SYSTEM32\DBGHELP.DLL
0x00007ffb99380000 - 0x00007ffb993b1000 	C:\WINDOWS\SYSTEM32\dbgcore.DLL
0x00007ffba5bc0000 - 0x00007ffba5c3f000 	C:\WINDOWS\System32\bcryptPrimitives.dll
0x00007ffb96a50000 - 0x00007ffb96a5e000 	C:\Program Files\Java\jdk-19\bin\instrument.dll
0x00007ffb854b0000 - 0x00007ffb854d6000 	C:\Program Files\Java\jdk-19\bin\java.dll

dbghelp: loaded successfully - version: 4.0.5 - missing functions: none
symbol engine: initialized successfully - sym options: 0x614 - pdb path: .;C:\Program Files\Java\jdk-19\bin;C:\WINDOWS\SYSTEM32;C:\WINDOWS\WinSxS\amd64_microsoft.windows.common-controls_6595b64144ccf1df_6.0.22000.120_none_9d947278b86cc467;C:\Program Files\Java\jdk-19\bin\server

VM Arguments:
jvm_args: -javaagent:C:\Program Files\JetBrains\IntelliJ IDEA Community Edition 2022.2.3\lib\idea_rt.jar=50305:C:\Program Files\JetBrains\IntelliJ IDEA Community Edition 2022.2.3\bin -Dfile.encoding=UTF-8 -Dsun.stdout.encoding=UTF-8 -Dsun.stderr.encoding=UTF-8 
java_command: ProjectManagementHotel.Main
java_class_path (initial): C:\Semester 3\PBO\Praktikum PBO\Program Management Hotel\out\production\Program Management Hotel
Launcher Type: SUN_STANDARD

[Global flags]
     intx CICompilerCount                          = 3                                         {product} {ergonomic}
     uint ConcGCThreads                            = 1                                         {product} {ergonomic}
     uint G1ConcRefinementThreads                  = 4                                         {product} {ergonomic}
   size_t G1HeapRegionSize                         = 1048576                                   {product} {ergonomic}
    uintx GCDrainStackTargetSize                   = 64                                        {product} {ergonomic}
   size_t InitialHeapSize                          = 58720256                                  {product} {ergonomic}
   size_t MarkStackSize                            = 4194304                                   {product} {ergonomic}
   size_t MaxHeapSize                              = 908066816                                 {product} {ergonomic}
   size_t MinHeapDeltaBytes                        = 1048576                                   {product} {ergonomic}
   size_t MinHeapSize                              = 8388608                                   {product} {ergonomic}
    uintx NonNMethodCodeHeapSize                   = 5832780                                {pd product} {ergonomic}
    uintx NonProfiledCodeHeapSize                  = 122912730                              {pd product} {ergonomic}
    uintx ProfiledCodeHeapSize                     = 122912730                              {pd product} {ergonomic}
    uintx ReservedCodeCacheSize                    = 251658240                              {pd product} {ergonomic}
     bool SegmentedCodeCache                       = true                                      {product} {ergonomic}
   size_t SoftMaxHeapSize                          = 908066816                              {manageable} {ergonomic}
     bool UseCompressedClassPointers               = true                           {product lp64_product} {ergonomic}
     bool UseCompressedOops                        = true                           {product lp64_product} {ergonomic}
     bool UseG1GC                                  = true                                      {product} {ergonomic}
     bool UseLargePagesIndividualAllocation        = false                                  {pd product} {ergonomic}

Logging:
Log output configuration:
 #0: stdout all=warning uptime,level,tags foldmultilines=false
 #1: stderr all=off uptime,level,tags foldmultilines=false

Environment Variables:
PATH=C:\Program Files\Common Files\Oracle\Java\javapath;C:\WINDOWS\system32;C:\WINDOWS;C:\WINDOWS\System32\Wbem;C:\WINDOWS\System32\WindowsPowerShell\v1.0\;C:\WINDOWS\System32\OpenSSH\;C:\Program Files (x86)\HP\Common\HPDestPlgIn\;C:\Program Files\Git\cmd;C:\Users\user\AppData\Local\Microsoft\WindowsApps;C:\Program Files (x86)\HP\Common\HPDestPlgIn\;C:\Program Files\JetBrains\IntelliJ IDEA 2022.2.2\bin;;C:\Program Files\JetBrains\IntelliJ IDEA Community Edition 2022.2.2\bin;
USERNAME=user
OS=Windows_NT
PROCESSOR_IDENTIFIER=AMD64 Family 23 Model 24 Stepping 1, AuthenticAMD
TMP=C:\Users\user\AppData\Local\Temp
TEMP=C:\Users\user\AppData\Local\Temp



---------------  S Y S T E M  ---------------

OS:
 Windows 11 , 64 bit Build 22000 (10.0.22000.1335)
OS uptime: 4 days 4:40 hours

CPU: total 4 (initial active 4) (4 cores per cpu, 2 threads per core) family 23 model 24 stepping 1 microcode 0x0, cx8, cmov, fxsr, ht, mmx, 3dnowpref, sse, sse2, sse3, ssse3, sse4a, sse4.1, sse4.2, popcnt, lzcnt, tsc, tscinvbit, avx, avx2, aes, clmul, bmi1, bmi2, adx, sha, fma, vzeroupper, clflush, clflushopt, rdtscp

Memory: 4k page, system-wide physical 3460M (47M free)
TotalPageFile size 14212M (AvailPageFile size 3M)
current process WorkingSet (physical memory assigned to process): 10M, peak: 10M
current process commit charge ("private bytes"): 51M, peak: 107M

vm_info: Java HotSpot(TM) 64-Bit Server VM (19+36-2238) for windows-amd64 JRE (19+36-2238), built on 2022-08-12T20:29:01Z by "mach5one" with MS VC++ 17.1 (VS2022)

END.
